<?xml version="1.0" encoding="UTF-8"?>
<testng-results ignored="0" total="16" passed="13" failed="3" skipped="0">
  <reporter-output>
    <line>
      <![CDATA[images are loaded and are visible till the screen height]]>
    </line>
    <line>
      <![CDATA[Page is loaded within the time limit]]>
    </line>
    <line>
      <![CDATA[Navigates to the bottom of the page]]>
    </line>
    <line>
      <![CDATA[Scrollbar visible.]]>
    </line>
    <line>
      <![CDATA[Total Content Load Time while Scrolling: 277 milliseconds]]>
    </line>
    <line>
      <![CDATA[Image is not present before scrolling]]>
    </line>
    <line>
      <![CDATA[Image is present after scrolling]]>
    </line>
    <line>
      <![CDATA[images are loaded and are visible till the screen height]]>
    </line>
    <line>
      <![CDATA[Page is loaded within the time limit]]>
    </line>
    <line>
      <![CDATA[Navigates to the bottom of the page]]>
    </line>
    <line>
      <![CDATA[Scrollbar visible.]]>
    </line>
    <line>
      <![CDATA[Total Content Load Time while Scrolling: 1054 milliseconds]]>
    </line>
    <line>
      <![CDATA[Image is not present before scrolling]]>
    </line>
    <line>
      <![CDATA[Image is present after scrolling]]>
    </line>
    <line>
      <![CDATA[Different browsers and screen resolutions render it in the same way.]]>
    </line>
  </reporter-output>
  <suite started-at="2023-08-01T12:53:18 IST" name="Suite" finished-at="2023-08-01T12:59:40 IST" duration-ms="381542">
    <groups>
    </groups>
    <test started-at="2023-08-01T12:53:18 IST" name="ChromeTest" finished-at="2023-08-01T12:55:42 IST" duration-ms="144032">
      <class name="com.ecommerce.ChromeBrowserTest">
        <test-method signature="differentResolutionTest()[pri:0, instance:com.ecommerce.ChromeBrowserTest@47d9a273]" started-at="2023-08-01T12:53:19 IST" name="differentResolutionTest" finished-at="2023-08-01T12:53:40 IST" duration-ms="21886" status="FAIL">
          <exception class="org.openqa.selenium.NoSuchElementException">
            <message>
              <![CDATA[no such element: Unable to locate element: {"method":"xpath","selector":"/html/body/div[2]/div/div/button"}
  (Session info: chrome=115.0.5790.110)
For documentation on this error, please visit: https://www.seleniumhq.org/exceptions/no_such_element.html
Build info: version: '3.141.59', revision: 'e82be7d358', time: '2018-11-14T08:17:03'
System info: host: 'DESKTOP-K4T5NVD', ip: '192.168.1.7', os.name: 'Windows 10', os.arch: 'amd64', os.version: '10.0', java.version: '17.0.6'
Driver info: org.openqa.selenium.chrome.ChromeDriver
Capabilities {acceptInsecureCerts: false, browserName: chrome, browserVersion: 115.0.5790.110, chrome: {chromedriverVersion: 115.0.5790.102 (90efd4b0ad6..., userDataDir: C:\Users\HP\AppData\Local\T...}, goog:chromeOptions: {debuggerAddress: localhost:51578}, javascriptEnabled: true, networkConnectionEnabled: false, pageLoadStrategy: normal, platform: WINDOWS, platformName: WINDOWS, proxy: Proxy(), setWindowRect: true, strictFileInteractability: false, timeouts: {implicit: 0, pageLoad: 300000, script: 30000}, unhandledPromptBehavior: dismiss and notify, webauthn:extension:credBlob: true, webauthn:extension:largeBlob: true, webauthn:extension:minPinLength: true, webauthn:extension:prf: true, webauthn:virtualAuthenticators: true}
Session ID: 36abe59e952d68c264d84c2b41b1fe79
*** Element info: {Using=xpath, value=/html/body/div[2]/div/div/button}]]>
            </message>
            <full-stacktrace>
              <![CDATA[org.openqa.selenium.NoSuchElementException: no such element: Unable to locate element: {"method":"xpath","selector":"/html/body/div[2]/div/div/button"}
  (Session info: chrome=115.0.5790.110)
For documentation on this error, please visit: https://www.seleniumhq.org/exceptions/no_such_element.html
Build info: version: '3.141.59', revision: 'e82be7d358', time: '2018-11-14T08:17:03'
System info: host: 'DESKTOP-K4T5NVD', ip: '192.168.1.7', os.name: 'Windows 10', os.arch: 'amd64', os.version: '10.0', java.version: '17.0.6'
Driver info: org.openqa.selenium.chrome.ChromeDriver
Capabilities {acceptInsecureCerts: false, browserName: chrome, browserVersion: 115.0.5790.110, chrome: {chromedriverVersion: 115.0.5790.102 (90efd4b0ad6..., userDataDir: C:\Users\HP\AppData\Local\T...}, goog:chromeOptions: {debuggerAddress: localhost:51578}, javascriptEnabled: true, networkConnectionEnabled: false, pageLoadStrategy: normal, platform: WINDOWS, platformName: WINDOWS, proxy: Proxy(), setWindowRect: true, strictFileInteractability: false, timeouts: {implicit: 0, pageLoad: 300000, script: 30000}, unhandledPromptBehavior: dismiss and notify, webauthn:extension:credBlob: true, webauthn:extension:largeBlob: true, webauthn:extension:minPinLength: true, webauthn:extension:prf: true, webauthn:virtualAuthenticators: true}
Session ID: 36abe59e952d68c264d84c2b41b1fe79
*** Element info: {Using=xpath, value=/html/body/div[2]/div/div/button}
at java.base/jdk.internal.reflect.NativeConstructorAccessorImpl.newInstance0(Native Method)
at java.base/jdk.internal.reflect.NativeConstructorAccessorImpl.newInstance(NativeConstructorAccessorImpl.java:77)
at java.base/jdk.internal.reflect.DelegatingConstructorAccessorImpl.newInstance(DelegatingConstructorAccessorImpl.java:45)
at java.base/java.lang.reflect.Constructor.newInstanceWithCaller(Constructor.java:499)
at java.base/java.lang.reflect.Constructor.newInstance(Constructor.java:480)
at org.openqa.selenium.remote.http.W3CHttpResponseCodec.createException(W3CHttpResponseCodec.java:187)
at org.openqa.selenium.remote.http.W3CHttpResponseCodec.decode(W3CHttpResponseCodec.java:122)
at org.openqa.selenium.remote.http.W3CHttpResponseCodec.decode(W3CHttpResponseCodec.java:49)
at org.openqa.selenium.remote.HttpCommandExecutor.execute(HttpCommandExecutor.java:158)
at org.openqa.selenium.remote.service.DriverCommandExecutor.execute(DriverCommandExecutor.java:83)
at org.openqa.selenium.remote.RemoteWebDriver.execute(RemoteWebDriver.java:552)
at org.openqa.selenium.remote.RemoteWebDriver.findElement(RemoteWebDriver.java:323)
at org.openqa.selenium.remote.RemoteWebDriver.findElementByXPath(RemoteWebDriver.java:428)
at org.openqa.selenium.By$ByXPath.findElement(By.java:353)
at org.openqa.selenium.remote.RemoteWebDriver.findElement(RemoteWebDriver.java:315)
at com.ecommerce.ChromeBrowserTest.differentResolutionTest(ChromeBrowserTest.java:194)
at java.base/jdk.internal.reflect.NativeMethodAccessorImpl.invoke0(Native Method)
at java.base/jdk.internal.reflect.NativeMethodAccessorImpl.invoke(NativeMethodAccessorImpl.java:77)
at java.base/jdk.internal.reflect.DelegatingMethodAccessorImpl.invoke(DelegatingMethodAccessorImpl.java:43)
at java.base/java.lang.reflect.Method.invoke(Method.java:568)
at org.testng.internal.invokers.MethodInvocationHelper.invokeMethod(MethodInvocationHelper.java:139)
at org.testng.internal.invokers.TestInvoker.invokeMethod(TestInvoker.java:664)
at org.testng.internal.invokers.TestInvoker.invokeTestMethod(TestInvoker.java:227)
at org.testng.internal.invokers.MethodRunner.runInSequence(MethodRunner.java:50)
at org.testng.internal.invokers.TestInvoker$MethodInvocationAgent.invoke(TestInvoker.java:957)
at org.testng.internal.invokers.TestInvoker.invokeTestMethods(TestInvoker.java:200)
at org.testng.internal.invokers.TestMethodWorker.invokeTestMethods(TestMethodWorker.java:148)
at org.testng.internal.invokers.TestMethodWorker.run(TestMethodWorker.java:128)
at java.base/java.util.ArrayList.forEach(ArrayList.java:1511)
at org.testng.TestRunner.privateRun(TestRunner.java:848)
at org.testng.TestRunner.run(TestRunner.java:621)
at org.testng.SuiteRunner.runTest(SuiteRunner.java:443)
at org.testng.SuiteRunner.runSequentially(SuiteRunner.java:437)
at org.testng.SuiteRunner.privateRun(SuiteRunner.java:397)
at org.testng.SuiteRunner.run(SuiteRunner.java:336)
at org.testng.SuiteRunnerWorker.runSuite(SuiteRunnerWorker.java:52)
at org.testng.SuiteRunnerWorker.run(SuiteRunnerWorker.java:95)
at org.testng.TestNG.runSuitesSequentially(TestNG.java:1280)
at org.testng.TestNG.runSuitesLocally(TestNG.java:1200)
at org.testng.TestNG.runSuites(TestNG.java:1114)
at org.testng.TestNG.run(TestNG.java:1082)
at org.testng.remote.AbstractRemoteTestNG.run(AbstractRemoteTestNG.java:115)
at org.testng.remote.RemoteTestNG.initAndRun(RemoteTestNG.java:251)
at org.testng.remote.RemoteTestNG.main(RemoteTestNG.java:77)
]]>
            </full-stacktrace>
          </exception> <!-- org.openqa.selenium.NoSuchElementException -->
          <reporter-output>
          </reporter-output>
        </test-method> <!-- differentResolutionTest -->
        <test-method signature="ImageScreenHeightTest()[pri:1, instance:com.ecommerce.ChromeBrowserTest@47d9a273]" started-at="2023-08-01T12:53:40 IST" name="ImageScreenHeightTest" finished-at="2023-08-01T12:54:03 IST" duration-ms="22377" status="PASS">
          <reporter-output>
            <line>
              <![CDATA[images are loaded and are visible till the screen height]]>
            </line>
          </reporter-output>
        </test-method> <!-- ImageScreenHeightTest -->
        <test-method signature="LoadTimeTest()[pri:1, instance:com.ecommerce.ChromeBrowserTest@47d9a273]" started-at="2023-08-01T12:54:03 IST" name="LoadTimeTest" finished-at="2023-08-01T12:54:19 IST" duration-ms="15886" status="PASS">
          <reporter-output>
            <line>
              <![CDATA[Page is loaded within the time limit]]>
            </line>
          </reporter-output>
        </test-method> <!-- LoadTimeTest -->
        <test-method signature="scrollDown()[pri:2, instance:com.ecommerce.ChromeBrowserTest@47d9a273]" started-at="2023-08-01T12:54:19 IST" name="scrollDown" finished-at="2023-08-01T12:54:35 IST" duration-ms="15874" status="PASS">
          <reporter-output>
            <line>
              <![CDATA[Navigates to the bottom of the page]]>
            </line>
          </reporter-output>
        </test-method> <!-- scrollDown -->
        <test-method signature="scrollFeatureTest()[pri:2, instance:com.ecommerce.ChromeBrowserTest@47d9a273]" started-at="2023-08-01T12:54:35 IST" name="scrollFeatureTest" finished-at="2023-08-01T12:54:58 IST" duration-ms="22942" status="PASS">
          <reporter-output>
            <line>
              <![CDATA[Scrollbar visible.]]>
            </line>
          </reporter-output>
        </test-method> <!-- scrollFeatureTest -->
        <test-method signature="refreshContentTest()[pri:3, instance:com.ecommerce.ChromeBrowserTest@47d9a273]" started-at="2023-08-01T12:54:58 IST" name="refreshContentTest" finished-at="2023-08-01T12:55:12 IST" duration-ms="14344" status="PASS">
          <reporter-output>
            <line>
              <![CDATA[Total Content Load Time while Scrolling: 277 milliseconds]]>
            </line>
          </reporter-output>
        </test-method> <!-- refreshContentTest -->
        <test-method signature="productSearch()[pri:4, instance:com.ecommerce.ChromeBrowserTest@47d9a273]" started-at="2023-08-01T12:55:12 IST" name="productSearch" finished-at="2023-08-01T12:55:24 IST" duration-ms="11809" status="FAIL">
          <exception class="org.openqa.selenium.NoSuchElementException">
            <message>
              <![CDATA[no such element: Unable to locate element: {"method":"xpath","selector":"/html/body/div[2]/div/div/button"}
  (Session info: chrome=115.0.5790.110)
For documentation on this error, please visit: https://www.seleniumhq.org/exceptions/no_such_element.html
Build info: version: '3.141.59', revision: 'e82be7d358', time: '2018-11-14T08:17:03'
System info: host: 'DESKTOP-K4T5NVD', ip: '192.168.1.7', os.name: 'Windows 10', os.arch: 'amd64', os.version: '10.0', java.version: '17.0.6'
Driver info: org.openqa.selenium.chrome.ChromeDriver
Capabilities {acceptInsecureCerts: false, browserName: chrome, browserVersion: 115.0.5790.110, chrome: {chromedriverVersion: 115.0.5790.102 (90efd4b0ad6..., userDataDir: C:\Users\HP\AppData\Local\T...}, goog:chromeOptions: {debuggerAddress: localhost:51991}, javascriptEnabled: true, networkConnectionEnabled: false, pageLoadStrategy: normal, platform: WINDOWS, platformName: WINDOWS, proxy: Proxy(), setWindowRect: true, strictFileInteractability: false, timeouts: {implicit: 0, pageLoad: 300000, script: 30000}, unhandledPromptBehavior: dismiss and notify, webauthn:extension:credBlob: true, webauthn:extension:largeBlob: true, webauthn:extension:minPinLength: true, webauthn:extension:prf: true, webauthn:virtualAuthenticators: true}
Session ID: 94c3d847bf395b927b2d2cd6f2dec487
*** Element info: {Using=xpath, value=/html/body/div[2]/div/div/button}]]>
            </message>
            <full-stacktrace>
              <![CDATA[org.openqa.selenium.NoSuchElementException: no such element: Unable to locate element: {"method":"xpath","selector":"/html/body/div[2]/div/div/button"}
  (Session info: chrome=115.0.5790.110)
For documentation on this error, please visit: https://www.seleniumhq.org/exceptions/no_such_element.html
Build info: version: '3.141.59', revision: 'e82be7d358', time: '2018-11-14T08:17:03'
System info: host: 'DESKTOP-K4T5NVD', ip: '192.168.1.7', os.name: 'Windows 10', os.arch: 'amd64', os.version: '10.0', java.version: '17.0.6'
Driver info: org.openqa.selenium.chrome.ChromeDriver
Capabilities {acceptInsecureCerts: false, browserName: chrome, browserVersion: 115.0.5790.110, chrome: {chromedriverVersion: 115.0.5790.102 (90efd4b0ad6..., userDataDir: C:\Users\HP\AppData\Local\T...}, goog:chromeOptions: {debuggerAddress: localhost:51991}, javascriptEnabled: true, networkConnectionEnabled: false, pageLoadStrategy: normal, platform: WINDOWS, platformName: WINDOWS, proxy: Proxy(), setWindowRect: true, strictFileInteractability: false, timeouts: {implicit: 0, pageLoad: 300000, script: 30000}, unhandledPromptBehavior: dismiss and notify, webauthn:extension:credBlob: true, webauthn:extension:largeBlob: true, webauthn:extension:minPinLength: true, webauthn:extension:prf: true, webauthn:virtualAuthenticators: true}
Session ID: 94c3d847bf395b927b2d2cd6f2dec487
*** Element info: {Using=xpath, value=/html/body/div[2]/div/div/button}
at java.base/jdk.internal.reflect.NativeConstructorAccessorImpl.newInstance0(Native Method)
at java.base/jdk.internal.reflect.NativeConstructorAccessorImpl.newInstance(NativeConstructorAccessorImpl.java:77)
at java.base/jdk.internal.reflect.DelegatingConstructorAccessorImpl.newInstance(DelegatingConstructorAccessorImpl.java:45)
at java.base/java.lang.reflect.Constructor.newInstanceWithCaller(Constructor.java:499)
at java.base/java.lang.reflect.Constructor.newInstance(Constructor.java:480)
at org.openqa.selenium.remote.http.W3CHttpResponseCodec.createException(W3CHttpResponseCodec.java:187)
at org.openqa.selenium.remote.http.W3CHttpResponseCodec.decode(W3CHttpResponseCodec.java:122)
at org.openqa.selenium.remote.http.W3CHttpResponseCodec.decode(W3CHttpResponseCodec.java:49)
at org.openqa.selenium.remote.HttpCommandExecutor.execute(HttpCommandExecutor.java:158)
at org.openqa.selenium.remote.service.DriverCommandExecutor.execute(DriverCommandExecutor.java:83)
at org.openqa.selenium.remote.RemoteWebDriver.execute(RemoteWebDriver.java:552)
at org.openqa.selenium.remote.RemoteWebDriver.findElement(RemoteWebDriver.java:323)
at org.openqa.selenium.remote.RemoteWebDriver.findElementByXPath(RemoteWebDriver.java:428)
at org.openqa.selenium.By$ByXPath.findElement(By.java:353)
at org.openqa.selenium.remote.RemoteWebDriver.findElement(RemoteWebDriver.java:315)
at com.ecommerce.ChromeBrowserTest.productSearch(ChromeBrowserTest.java:26)
at java.base/jdk.internal.reflect.NativeMethodAccessorImpl.invoke0(Native Method)
at java.base/jdk.internal.reflect.NativeMethodAccessorImpl.invoke(NativeMethodAccessorImpl.java:77)
at java.base/jdk.internal.reflect.DelegatingMethodAccessorImpl.invoke(DelegatingMethodAccessorImpl.java:43)
at java.base/java.lang.reflect.Method.invoke(Method.java:568)
at org.testng.internal.invokers.MethodInvocationHelper.invokeMethod(MethodInvocationHelper.java:139)
at org.testng.internal.invokers.TestInvoker.invokeMethod(TestInvoker.java:664)
at org.testng.internal.invokers.TestInvoker.invokeTestMethod(TestInvoker.java:227)
at org.testng.internal.invokers.MethodRunner.runInSequence(MethodRunner.java:50)
at org.testng.internal.invokers.TestInvoker$MethodInvocationAgent.invoke(TestInvoker.java:957)
at org.testng.internal.invokers.TestInvoker.invokeTestMethods(TestInvoker.java:200)
at org.testng.internal.invokers.TestMethodWorker.invokeTestMethods(TestMethodWorker.java:148)
at org.testng.internal.invokers.TestMethodWorker.run(TestMethodWorker.java:128)
at java.base/java.util.ArrayList.forEach(ArrayList.java:1511)
at org.testng.TestRunner.privateRun(TestRunner.java:848)
at org.testng.TestRunner.run(TestRunner.java:621)
at org.testng.SuiteRunner.runTest(SuiteRunner.java:443)
at org.testng.SuiteRunner.runSequentially(SuiteRunner.java:437)
at org.testng.SuiteRunner.privateRun(SuiteRunner.java:397)
at org.testng.SuiteRunner.run(SuiteRunner.java:336)
at org.testng.SuiteRunnerWorker.runSuite(SuiteRunnerWorker.java:52)
at org.testng.SuiteRunnerWorker.run(SuiteRunnerWorker.java:95)
at org.testng.TestNG.runSuitesSequentially(TestNG.java:1280)
at org.testng.TestNG.runSuitesLocally(TestNG.java:1200)
at org.testng.TestNG.runSuites(TestNG.java:1114)
at org.testng.TestNG.run(TestNG.java:1082)
at org.testng.remote.AbstractRemoteTestNG.run(AbstractRemoteTestNG.java:115)
at org.testng.remote.RemoteTestNG.initAndRun(RemoteTestNG.java:251)
at org.testng.remote.RemoteTestNG.main(RemoteTestNG.java:77)
]]>
            </full-stacktrace>
          </exception> <!-- org.openqa.selenium.NoSuchElementException -->
          <reporter-output>
          </reporter-output>
        </test-method> <!-- productSearch -->
        <test-method signature="scrollImageLoad()[pri:5, instance:com.ecommerce.ChromeBrowserTest@47d9a273]" started-at="2023-08-01T12:55:24 IST" name="scrollImageLoad" finished-at="2023-08-01T12:55:42 IST" duration-ms="18649" status="PASS">
          <reporter-output>
            <line>
              <![CDATA[Image is not present before scrolling]]>
            </line>
            <line>
              <![CDATA[Image is present after scrolling]]>
            </line>
          </reporter-output>
        </test-method> <!-- scrollImageLoad -->
      </class> <!-- com.ecommerce.ChromeBrowserTest -->
    </test> <!-- ChromeTest -->
    <test started-at="2023-08-01T12:55:43 IST" name="EdgeTest" finished-at="2023-08-01T12:59:40 IST" duration-ms="237015">
      <class name="com.ecommerce.EdgeBrowserTest">
        <test-method signature="ImageScreenHeightTest()[pri:1, instance:com.ecommerce.EdgeBrowserTest@7d0b7e3c]" started-at="2023-08-01T12:55:43 IST" name="ImageScreenHeightTest" finished-at="2023-08-01T12:56:15 IST" duration-ms="32200" status="PASS">
          <reporter-output>
            <line>
              <![CDATA[images are loaded and are visible till the screen height]]>
            </line>
          </reporter-output>
        </test-method> <!-- ImageScreenHeightTest -->
        <test-method signature="LoadTimeTest()[pri:1, instance:com.ecommerce.EdgeBrowserTest@7d0b7e3c]" started-at="2023-08-01T12:56:15 IST" name="LoadTimeTest" finished-at="2023-08-01T12:56:31 IST" duration-ms="15546" status="PASS">
          <reporter-output>
            <line>
              <![CDATA[Page is loaded within the time limit]]>
            </line>
          </reporter-output>
        </test-method> <!-- LoadTimeTest -->
        <test-method signature="scrollDown()[pri:2, instance:com.ecommerce.EdgeBrowserTest@7d0b7e3c]" started-at="2023-08-01T12:56:31 IST" name="scrollDown" finished-at="2023-08-01T12:56:48 IST" duration-ms="17363" status="PASS">
          <reporter-output>
            <line>
              <![CDATA[Navigates to the bottom of the page]]>
            </line>
          </reporter-output>
        </test-method> <!-- scrollDown -->
        <test-method signature="scrollFeatureTest()[pri:2, instance:com.ecommerce.EdgeBrowserTest@7d0b7e3c]" started-at="2023-08-01T12:56:48 IST" name="scrollFeatureTest" finished-at="2023-08-01T12:57:10 IST" duration-ms="21926" status="PASS">
          <reporter-output>
            <line>
              <![CDATA[Scrollbar visible.]]>
            </line>
          </reporter-output>
        </test-method> <!-- scrollFeatureTest -->
        <test-method signature="refreshContentTest()[pri:3, instance:com.ecommerce.EdgeBrowserTest@7d0b7e3c]" started-at="2023-08-01T12:57:10 IST" name="refreshContentTest" finished-at="2023-08-01T12:57:34 IST" duration-ms="24344" status="PASS">
          <reporter-output>
            <line>
              <![CDATA[Total Content Load Time while Scrolling: 1054 milliseconds]]>
            </line>
          </reporter-output>
        </test-method> <!-- refreshContentTest -->
        <test-method signature="productSearch()[pri:4, instance:com.ecommerce.EdgeBrowserTest@7d0b7e3c]" started-at="2023-08-01T12:57:34 IST" name="productSearch" finished-at="2023-08-01T12:58:00 IST" duration-ms="25346" status="FAIL">
          <exception class="org.openqa.selenium.NoSuchElementException">
            <message>
              <![CDATA[no such element: Unable to locate element: {"method":"xpath","selector":"/html/body/div[2]/div/div/button"}
  (Session info: MicrosoftEdge=115.0.1901.188)
For documentation on this error, please visit: https://www.seleniumhq.org/exceptions/no_such_element.html
Build info: version: '3.141.59', revision: 'e82be7d358', time: '2018-11-14T08:17:03'
System info: host: 'DESKTOP-K4T5NVD', ip: '192.168.1.7', os.name: 'Windows 10', os.arch: 'amd64', os.version: '10.0', java.version: '17.0.6'
Driver info: org.openqa.selenium.edge.EdgeDriver
Capabilities {acceptInsecureCerts: false, browserName: msedge, browserVersion: 115.0.1901.188, javascriptEnabled: true, ms:edgeOptions: {debuggerAddress: localhost:52589}, msedge: {msedgedriverVersion: 115.0.1901.188 (b51b39339c4..., userDataDir: C:\Users\HP\AppData\Local\T...}, networkConnectionEnabled: false, pageLoadStrategy: normal, platform: WINDOWS, platformName: WINDOWS, proxy: Proxy(), setWindowRect: true, strictFileInteractability: false, timeouts: {implicit: 0, pageLoad: 300000, script: 30000}, unhandledPromptBehavior: dismiss and notify, webauthn:extension:credBlob: true, webauthn:extension:largeBlob: true, webauthn:extension:minPinLength: true, webauthn:extension:prf: true, webauthn:virtualAuthenticators: true}
Session ID: 465d3072de9eff1bff998b5dfc83b00e
*** Element info: {Using=xpath, value=/html/body/div[2]/div/div/button}]]>
            </message>
            <full-stacktrace>
              <![CDATA[org.openqa.selenium.NoSuchElementException: no such element: Unable to locate element: {"method":"xpath","selector":"/html/body/div[2]/div/div/button"}
  (Session info: MicrosoftEdge=115.0.1901.188)
For documentation on this error, please visit: https://www.seleniumhq.org/exceptions/no_such_element.html
Build info: version: '3.141.59', revision: 'e82be7d358', time: '2018-11-14T08:17:03'
System info: host: 'DESKTOP-K4T5NVD', ip: '192.168.1.7', os.name: 'Windows 10', os.arch: 'amd64', os.version: '10.0', java.version: '17.0.6'
Driver info: org.openqa.selenium.edge.EdgeDriver
Capabilities {acceptInsecureCerts: false, browserName: msedge, browserVersion: 115.0.1901.188, javascriptEnabled: true, ms:edgeOptions: {debuggerAddress: localhost:52589}, msedge: {msedgedriverVersion: 115.0.1901.188 (b51b39339c4..., userDataDir: C:\Users\HP\AppData\Local\T...}, networkConnectionEnabled: false, pageLoadStrategy: normal, platform: WINDOWS, platformName: WINDOWS, proxy: Proxy(), setWindowRect: true, strictFileInteractability: false, timeouts: {implicit: 0, pageLoad: 300000, script: 30000}, unhandledPromptBehavior: dismiss and notify, webauthn:extension:credBlob: true, webauthn:extension:largeBlob: true, webauthn:extension:minPinLength: true, webauthn:extension:prf: true, webauthn:virtualAuthenticators: true}
Session ID: 465d3072de9eff1bff998b5dfc83b00e
*** Element info: {Using=xpath, value=/html/body/div[2]/div/div/button}
at java.base/jdk.internal.reflect.NativeConstructorAccessorImpl.newInstance0(Native Method)
at java.base/jdk.internal.reflect.NativeConstructorAccessorImpl.newInstance(NativeConstructorAccessorImpl.java:77)
at java.base/jdk.internal.reflect.DelegatingConstructorAccessorImpl.newInstance(DelegatingConstructorAccessorImpl.java:45)
at java.base/java.lang.reflect.Constructor.newInstanceWithCaller(Constructor.java:499)
at java.base/java.lang.reflect.Constructor.newInstance(Constructor.java:480)
at org.openqa.selenium.remote.http.W3CHttpResponseCodec.createException(W3CHttpResponseCodec.java:187)
at org.openqa.selenium.remote.http.W3CHttpResponseCodec.decode(W3CHttpResponseCodec.java:122)
at org.openqa.selenium.remote.http.W3CHttpResponseCodec.decode(W3CHttpResponseCodec.java:49)
at org.openqa.selenium.remote.HttpCommandExecutor.execute(HttpCommandExecutor.java:158)
at org.openqa.selenium.remote.service.DriverCommandExecutor.execute(DriverCommandExecutor.java:83)
at org.openqa.selenium.remote.RemoteWebDriver.execute(RemoteWebDriver.java:552)
at org.openqa.selenium.remote.RemoteWebDriver.findElement(RemoteWebDriver.java:323)
at org.openqa.selenium.remote.RemoteWebDriver.findElementByXPath(RemoteWebDriver.java:428)
at org.openqa.selenium.By$ByXPath.findElement(By.java:353)
at org.openqa.selenium.remote.RemoteWebDriver.findElement(RemoteWebDriver.java:315)
at com.ecommerce.EdgeBrowserTest.productSearch(EdgeBrowserTest.java:26)
at java.base/jdk.internal.reflect.NativeMethodAccessorImpl.invoke0(Native Method)
at java.base/jdk.internal.reflect.NativeMethodAccessorImpl.invoke(NativeMethodAccessorImpl.java:77)
at java.base/jdk.internal.reflect.DelegatingMethodAccessorImpl.invoke(DelegatingMethodAccessorImpl.java:43)
at java.base/java.lang.reflect.Method.invoke(Method.java:568)
at org.testng.internal.invokers.MethodInvocationHelper.invokeMethod(MethodInvocationHelper.java:139)
at org.testng.internal.invokers.TestInvoker.invokeMethod(TestInvoker.java:664)
at org.testng.internal.invokers.TestInvoker.invokeTestMethod(TestInvoker.java:227)
at org.testng.internal.invokers.MethodRunner.runInSequence(MethodRunner.java:50)
at org.testng.internal.invokers.TestInvoker$MethodInvocationAgent.invoke(TestInvoker.java:957)
at org.testng.internal.invokers.TestInvoker.invokeTestMethods(TestInvoker.java:200)
at org.testng.internal.invokers.TestMethodWorker.invokeTestMethods(TestMethodWorker.java:148)
at org.testng.internal.invokers.TestMethodWorker.run(TestMethodWorker.java:128)
at java.base/java.util.ArrayList.forEach(ArrayList.java:1511)
at org.testng.TestRunner.privateRun(TestRunner.java:848)
at org.testng.TestRunner.run(TestRunner.java:621)
at org.testng.SuiteRunner.runTest(SuiteRunner.java:443)
at org.testng.SuiteRunner.runSequentially(SuiteRunner.java:437)
at org.testng.SuiteRunner.privateRun(SuiteRunner.java:397)
at org.testng.SuiteRunner.run(SuiteRunner.java:336)
at org.testng.SuiteRunnerWorker.runSuite(SuiteRunnerWorker.java:52)
at org.testng.SuiteRunnerWorker.run(SuiteRunnerWorker.java:95)
at org.testng.TestNG.runSuitesSequentially(TestNG.java:1280)
at org.testng.TestNG.runSuitesLocally(TestNG.java:1200)
at org.testng.TestNG.runSuites(TestNG.java:1114)
at org.testng.TestNG.run(TestNG.java:1082)
at org.testng.remote.AbstractRemoteTestNG.run(AbstractRemoteTestNG.java:115)
at org.testng.remote.RemoteTestNG.initAndRun(RemoteTestNG.java:251)
at org.testng.remote.RemoteTestNG.main(RemoteTestNG.java:77)
]]>
            </full-stacktrace>
          </exception> <!-- org.openqa.selenium.NoSuchElementException -->
          <reporter-output>
          </reporter-output>
        </test-method> <!-- productSearch -->
        <test-method signature="scrollImageLoad()[pri:5, instance:com.ecommerce.EdgeBrowserTest@7d0b7e3c]" started-at="2023-08-01T12:58:00 IST" name="scrollImageLoad" finished-at="2023-08-01T12:58:31 IST" duration-ms="31038" status="PASS">
          <reporter-output>
            <line>
              <![CDATA[Image is not present before scrolling]]>
            </line>
            <line>
              <![CDATA[Image is present after scrolling]]>
            </line>
          </reporter-output>
        </test-method> <!-- scrollImageLoad -->
        <test-method signature="differentResolutionTest()[pri:6, instance:com.ecommerce.EdgeBrowserTest@7d0b7e3c]" started-at="2023-08-01T12:58:31 IST" name="differentResolutionTest" finished-at="2023-08-01T12:59:40 IST" duration-ms="68874" status="PASS">
          <reporter-output>
            <line>
              <![CDATA[Different browsers and screen resolutions render it in the same way.]]>
            </line>
          </reporter-output>
        </test-method> <!-- differentResolutionTest -->
      </class> <!-- com.ecommerce.EdgeBrowserTest -->
    </test> <!-- EdgeTest -->
  </suite> <!-- Suite -->
</testng-results>
